<?xml version="1.0" encoding="UTF-8" standalone="no"?><testsuite errors="0" failures="1" name="Tambah Role Page" skipped="0" tests="5" time="99.98" timestamp="2022-12-08 02:27:52"><testcase name="Verify accessing Tambah Role page by button"/><testcase name="Verify accessing Tambah role by url"/><testcase name="Verify Tambah Role Modal element visibility"><failure message="expected: &lt;true&gt; but was: &lt;false&gt;" type="org.opentest4j.AssertionFailedError">expected: &lt;true&gt; but was: &lt;false&gt;</failure><system-err>expected: &lt;true&gt; but was: &lt;false&gt;
cucumber.starter@1.0.0-SNAPSHOT/id.travelaja.StepDefs.RoleStepDef.elementListedBelowAppeared(RoleStepDef.java:211)
✽.Element listed below appeared(file:///home/anjar/Project/SocialTravel/CMS-Automation/src/test/resources/features/Role/tambah-role-page.feature:18)
</system-err></testcase><testcase name="Verify if Nama Role field is mandatory"/><testcase name="Verify Cancel button visibility and functionality"/></testsuite>