<?xml version="1.0" encoding="UTF-8" standalone="no"?><testsuite errors="0" failures="2" name="CRUD flow" skipped="0" tests="10" time="167.01" timestamp="2022-12-08 02:22:07"><testcase name="Verify view detailed role information"/><testcase name="Verify edit role functionality"/><testcase name="Verify create new role without privilege"/><testcase name="Verify create new role with valid privilege"/><testcase name="Verify if Nama Role is unique"><failure/></testcase><testcase name="Verify create new role by multiple tap"/><testcase name="Verify create new role with blank nama role"/><testcase name="Verify create new role functionality"/><testcase name="Verify delete role functionality"/><testcase name="Verify edit role privilege only"><failure/></testcase></testsuite>