<?xml version="1.0" encoding="UTF-8" standalone="no"?><testsuite errors="0" failures="1" name="Add Itinerary Button" skipped="0" tests="1" time="32.7" timestamp="2022-12-09 02:52:12"><testcase name="Add Itinerary Button functionality"><failure message="expected: &lt;https://dev-app.travelaja.id/itinerary/add&gt; but was: &lt;https://dev-app.travelaja.id/itinerary&gt;" type="org.opentest4j.AssertionFailedError">expected: &lt;https://dev-app.travelaja.id/itinerary/add&gt; but was: &lt;https://dev-app.travelaja.id/itinerary&gt;</failure><system-err>expected: &lt;https://dev-app.travelaja.id/itinerary/add&gt; but was: &lt;https://dev-app.travelaja.id/itinerary&gt;
cucumber.starter@1.0.0-SNAPSHOT/id.travelaja.StepDefs.TopItineraryStepDef.userIsOnAddItineraryPage(TopItineraryStepDef.java:38)
✽.User is on Add Itinerary Page(file:///home/anjar/Project/SocialTravel/CMS-Automation/src/test/resources/features/Itinerary/Index/add-itinerary-button.feature:11)
</system-err></testcase></testsuite>